Flow report for ripple_carry_adder
Wed Sep  4 00:34:13 2024
Quartus Prime Version 20.1.0 Build 711 06/05/2020 SJ Lite Edition


---------------------
; Table of Contents ;
---------------------
  1. Legal Notice
  2. Flow Summary
  3. Flow Settings
  4. Flow Non-Default Global Settings
  5. Flow Elapsed Time
  6. Flow OS Summary
  7. Flow Log
  8. Flow Messages
  9. Flow Suppressed Messages



----------------
; Legal Notice ;
----------------
Copyright (C) 2020  Intel Corporation. All rights reserved.
Your use of Intel Corporation's design tools, logic functions 
and other software and tools, and any partner logic 
functions, and any output files from any of the foregoing 
(including device programming or simulation files), and any 
associated documentation or information are expressly subject 
to the terms and conditions of the Intel Program License 
Subscription Agreement, the Intel Quartus Prime License Agreement,
the Intel FPGA IP License Agreement, or other applicable license
agreement, including, without limitation, that your use is for
the sole purpose of programming logic devices manufactured by
Intel and sold by Intel or its authorized distributors.  Please
refer to the applicable agreement for further details, at
https://fpgasoftware.intel.com/eula.



+----------------------------------------------------------------------------------+
; Flow Summary                                                                     ;
+------------------------------------+---------------------------------------------+
; Flow Status                        ; Successful - Wed Sep  4 00:34:13 2024       ;
; Quartus Prime Version              ; 20.1.0 Build 711 06/05/2020 SJ Lite Edition ;
; Revision Name                      ; ripple_carry_adder                          ;
; Top-level Entity Name              ; ripple_carry_adder                          ;
; Family                             ; Cyclone IV E                                ;
; Device                             ; EP4CE22F17C6                                ;
; Timing Models                      ; Final                                       ;
; Total logic elements               ; 4 / 22,320 ( < 1 % )                        ;
;     Total combinational functions  ; 4 / 22,320 ( < 1 % )                        ;
;     Dedicated logic registers      ; 0 / 22,320 ( 0 % )                          ;
; Total registers                    ; 0                                           ;
; Total pins                         ; 8 / 154 ( 5 % )                             ;
; Total virtual pins                 ; 0                                           ;
; Total memory bits                  ; 0 / 608,256 ( 0 % )                         ;
; Embedded Multiplier 9-bit elements ; 0 / 132 ( 0 % )                             ;
; Total PLLs                         ; 0 / 4 ( 0 % )                               ;
+------------------------------------+---------------------------------------------+


+-----------------------------------------+
; Flow Settings                           ;
+-------------------+---------------------+
; Option            ; Setting             ;
+-------------------+---------------------+
; Start date & time ; 09/04/2024 00:34:01 ;
; Main task         ; Compilation         ;
; Revision Name     ; ripple_carry_adder  ;
+-------------------+---------------------+


+------------------------------------------------------------------------------------------------------------------------------------------------+
; Flow Non-Default Global Settings                                                                                                               ;
+-------------------------------------+----------------------------------------+---------------+-------------+-----------------------------------+
; Assignment Name                     ; Value                                  ; Default Value ; Entity Name ; Section Id                        ;
+-------------------------------------+----------------------------------------+---------------+-------------+-----------------------------------+
; COMPILER_SIGNATURE_ID               ; 22730581255671.172539024112622         ; --            ; --          ; --                                ;
; EDA_GENERATE_FUNCTIONAL_NETLIST     ; Off                                    ; --            ; --          ; eda_board_design_timing           ;
; EDA_GENERATE_FUNCTIONAL_NETLIST     ; Off                                    ; --            ; --          ; eda_board_design_boundary_scan    ;
; EDA_GENERATE_FUNCTIONAL_NETLIST     ; Off                                    ; --            ; --          ; eda_board_design_signal_integrity ;
; EDA_GENERATE_FUNCTIONAL_NETLIST     ; Off                                    ; --            ; --          ; eda_board_design_symbol           ;
; EDA_OUTPUT_DATA_FORMAT              ; Verilog Hdl                            ; --            ; --          ; eda_simulation                    ;
; EDA_SIMULATION_TOOL                 ; ModelSim-Altera (Verilog)              ; <None>        ; --          ; --                                ;
; EDA_TIME_SCALE                      ; 1 ps                                   ; --            ; --          ; eda_simulation                    ;
; MAX_CORE_JUNCTION_TEMP              ; 85                                     ; --            ; --          ; --                                ;
; MIN_CORE_JUNCTION_TEMP              ; 0                                      ; --            ; --          ; --                                ;
; NOMINAL_CORE_SUPPLY_VOLTAGE         ; 1.2V                                   ; --            ; --          ; --                                ;
; PARTITION_COLOR                     ; -- (Not supported for targeted family) ; --            ; --          ; Top                               ;
; PARTITION_FITTER_PRESERVATION_LEVEL ; -- (Not supported for targeted family) ; --            ; --          ; Top                               ;
; PARTITION_NETLIST_TYPE              ; -- (Not supported for targeted family) ; --            ; --          ; Top                               ;
; PROJECT_OUTPUT_DIRECTORY            ; output_files                           ; --            ; --          ; --                                ;
+-------------------------------------+----------------------------------------+---------------+-------------+-----------------------------------+


+--------------------------------------------------------------------------------------------------------------------------+
; Flow Elapsed Time                                                                                                        ;
+----------------------+--------------+-------------------------+---------------------+------------------------------------+
; Module Name          ; Elapsed Time ; Average Processors Used ; Peak Virtual Memory ; Total CPU Time (on all processors) ;
+----------------------+--------------+-------------------------+---------------------+------------------------------------+
; Analysis & Synthesis ; 00:00:05     ; 1.0                     ; 417 MB              ; 00:00:12                           ;
; Fitter               ; 00:00:03     ; 1.0                     ; 1561 MB             ; 00:00:04                           ;
; Assembler            ; 00:00:01     ; 1.0                     ; 348 MB              ; 00:00:01                           ;
; Timing Analyzer      ; 00:00:01     ; 1.0                     ; 561 MB              ; 00:00:01                           ;
; EDA Netlist Writer   ; 00:00:00     ; 1.0                     ; 596 MB              ; 00:00:00                           ;
; Total                ; 00:00:10     ; --                      ; --                  ; 00:00:18                           ;
+----------------------+--------------+-------------------------+---------------------+------------------------------------+


+--------------------------------------------------------------------------------------------------------------------+
; Flow OS Summary                                                                                                    ;
+----------------------+----------------------------------------------+----------------+------------+----------------+
; Module Name          ; Machine Hostname                             ; OS Name        ; OS Version ; Processor type ;
+----------------------+----------------------------------------------+----------------+------------+----------------+
; Analysis & Synthesis ; bhavesh-Victus-by-HP-Gaming-Laptop-15-fb0xxx ; Ubuntu 22.04.4 ; 22         ; x86_64         ;
; Fitter               ; bhavesh-Victus-by-HP-Gaming-Laptop-15-fb0xxx ; Ubuntu 22.04.4 ; 22         ; x86_64         ;
; Assembler            ; bhavesh-Victus-by-HP-Gaming-Laptop-15-fb0xxx ; Ubuntu 22.04.4 ; 22         ; x86_64         ;
; Timing Analyzer      ; bhavesh-Victus-by-HP-Gaming-Laptop-15-fb0xxx ; Ubuntu 22.04.4 ; 22         ; x86_64         ;
; EDA Netlist Writer   ; bhavesh-Victus-by-HP-Gaming-Laptop-15-fb0xxx ; Ubuntu 22.04.4 ; 22         ; x86_64         ;
+----------------------+----------------------------------------------+----------------+------------+----------------+


------------
; Flow Log ;
------------
quartus_map --read_settings_files=on --write_settings_files=off ripple_carry_adder -c ripple_carry_adder
quartus_fit --read_settings_files=off --write_settings_files=off ripple_carry_adder -c ripple_carry_adder
quartus_asm --read_settings_files=off --write_settings_files=off ripple_carry_adder -c ripple_carry_adder
quartus_sta ripple_carry_adder -c ripple_carry_adder
quartus_eda --read_settings_files=off --write_settings_files=off ripple_carry_adder -c ripple_carry_adder



